<?xml version="1.0" encoding="UTF-8"?>
<!-- Generated by org.testng.reporters.JUnitXMLReporter -->
<testsuite hostname="DESKTOP-23IJHJB" ignored="0" name="Default test" tests="6" failures="0" timestamp="2022-10-12T17:19:53 IST" time="0.067" errors="0">
  <testcase name="demo" time="0.007" classname="testNG.Test03"/>
  <testcase name="demo" time="0.001" classname="testNG.Test03"/>
  <testcase name="demo1" time="0.003" classname="testNG.Test03"/>
  <testcase name="demo1" time="0.003" classname="testNG.Test03"/>
  <testcase name="demo2" time="0.003" classname="testNG.Test03"/>
  <testcase name="demo2" time="0.001" classname="testNG.Test03"/>
</testsuite> <!-- Default test -->
